<?xml version="1.0" encoding="UTF-8"?>
<!-- Generated by org.testng.reporters.JUnitReportReporter -->
<testsuite hostname="DESKTOP-1N5RRAI" failures="0" tests="1" name="tests.SearchProductUsingAutoComplete" time="2.112" errors="0" timestamp="2022-05-03T11:04:39 EET" skipped="0">
  <testcase classname="tests.SearchProductUsingAutoComplete" name="UserCanSearchWithAutoComplete" time="2.112"/>
  <system-out/>
</testsuite> <!-- tests.SearchProductUsingAutoComplete -->
