<?xml version="1.0" encoding="UTF-8"?>
<!-- Generated by org.testng.reporters.JUnitReportReporter -->
<testsuite hostname="DESKTOP-1N5RRAI" failures="0" tests="2" name="tests.ChangeCurrencyTest" time="6.583" errors="0" timestamp="2022-04-26T10:09:20 EET" skipped="0">
  <testcase classname="tests.ChangeCurrencyTest" name="UserCanChangeCurrencyOfProduct" time="2.149"/>
  <system-out/>
  <testcase classname="tests.ChangeCurrencyTest" name="UserCanSearchWithAutoComplete" time="4.434"/>
  <system-out/>
</testsuite> <!-- tests.ChangeCurrencyTest -->
