<?xml version="1.0" encoding="UTF-8"?>
<!-- Generated by org.testng.reporters.JUnitReportReporter -->
<testsuite hostname="DESKTOP-1N5RRAI" failures="0" tests="2" name="tests.AddProductsToCompareTest" time="20.333" errors="0" timestamp="2022-04-26T17:04:26 EET" skipped="0">
  <testcase classname="tests.AddProductsToCompareTest" name="userCanAddProductsToCompare" time="18.694"/>
  <system-out/>
  <testcase classname="tests.AddProductsToCompareTest" name="clearComparedTableData" time="1.639"/>
  <system-out/>
</testsuite> <!-- tests.AddProductsToCompareTest -->
