<?xml version="1.0" encoding="UTF-8"?>
<!-- Generated by org.testng.reporters.JUnitReportReporter -->
<testsuite hostname="DESKTOP-1N5RRAI" failures="0" tests="4" name="tests.GuestCheckoutProductFromCart" time="14.740" errors="0" timestamp="2022-05-03T14:04:54 EET" skipped="0">
  <testcase classname="tests.GuestCheckoutProductFromCart" name="UserCanSearchWithAutoComplete" time="3.250"/>
  <system-out/>
  <testcase classname="tests.GuestCheckoutProductFromCart" name="UserCanAddProductToCart" time="1.774"/>
  <system-out/>
  <testcase classname="tests.GuestCheckoutProductFromCart" name="UserCanCheckoutProduct" time="6.359"/>
  <system-out/>
  <testcase classname="tests.GuestCheckoutProductFromCart" name="UserCanViewOrderDetails" time="3.357"/>
  <system-out/>
</testsuite> <!-- tests.GuestCheckoutProductFromCart -->
