<?xml version="1.0" encoding="UTF-8"?>
<!-- Generated by org.testng.reporters.JUnitReportReporter -->
<testsuite hostname="DESKTOP-1N5RRAI" failures="0" tests="3" name="tests.UserRegistrationTestWithDDTAndJavaFaker" time="6.733" errors="0" timestamp="2022-04-28T23:04:24 EET" skipped="0">
  <testcase classname="tests.UserRegistrationTestWithDDTAndJavaFaker" name="RergisteredUserCanLogin" time="2.451"/>
  <system-out/>
  <testcase classname="tests.UserRegistrationTestWithDDTAndJavaFaker" name="RegisteredUserCanLogout" time="1.186"/>
  <system-out/>
  <testcase classname="tests.UserRegistrationTestWithDDTAndJavaFaker" name="UserCanRegisterSuccessfully" time="3.096"/>
  <system-out/>
</testsuite> <!-- tests.UserRegistrationTestWithDDTAndJavaFaker -->
