<?xml version="1.0" encoding="UTF-8"?>
<!-- Generated by org.testng.reporters.JUnitReportReporter -->
<testsuite hostname="DESKTOP-1N5RRAI" failures="0" tests="5" name="tests.RegisteredUserChecoutProduct" time="56.185" errors="0" timestamp="2022-04-27T08:28:41 EET" skipped="0">
  <testcase classname="tests.RegisteredUserChecoutProduct" name="UserCanRegisterSuccessfully" time="15.259"/>
  <system-out/>
  <testcase classname="tests.RegisteredUserChecoutProduct" name="UserCanSearchWithAutoComplete" time="13.815"/>
  <system-out/>
  <testcase classname="tests.RegisteredUserChecoutProduct" name="UserCanAddProductToCart" time="3.618"/>
  <system-out/>
  <testcase classname="tests.RegisteredUserChecoutProduct" name="UserCanCheckoutProduct" time="16.692"/>
  <system-out/>
  <testcase classname="tests.RegisteredUserChecoutProduct" name="RegisteredUserCanLogout" time="6.801"/>
  <system-out/>
</testsuite> <!-- tests.RegisteredUserChecoutProduct -->
