<?xml version="1.0" encoding="UTF-8"?>
<!-- Generated by org.testng.reporters.JUnitReportReporter -->
<testsuite hostname="DESKTOP-1N5RRAI" failures="0" tests="2" name="tests.ChangeCurrencyTest" time="4.670" errors="0" timestamp="2022-05-03T11:04:39 EET" skipped="0">
  <testcase classname="tests.ChangeCurrencyTest" name="UserCanChangeCurrencyOfProduct" time="1.278"/>
  <system-out/>
  <testcase classname="tests.ChangeCurrencyTest" name="UserCanSearchWithAutoComplete" time="3.392"/>
  <system-out/>
</testsuite> <!-- tests.ChangeCurrencyTest -->
