<?xml version="1.0" encoding="UTF-8"?>
<!-- Generated by org.testng.reporters.JUnitReportReporter -->
<testsuite hostname="DESKTOP-1N5RRAI" failures="0" tests="2" name="tests.UserRegistrationTestWithDDTAndExcelFile" time="13.429" errors="0" timestamp="2022-04-28T21:40:41 EET" skipped="0">
  <testcase classname="tests.UserRegistrationTestWithDDTAndExcelFile" name="UserCanRegisterSuccessfully" time="7.039"/>
  <system-out/>
  <testcase classname="tests.UserRegistrationTestWithDDTAndExcelFile" name="UserCanRegisterSuccessfully" time="6.390"/>
  <system-out/>
</testsuite> <!-- tests.UserRegistrationTestWithDDTAndExcelFile -->
