<?xml version="1.0" encoding="UTF-8"?>
<!-- Generated by org.testng.reporters.JUnitReportReporter -->
<testsuite hostname="DESKTOP-1N5RRAI" failures="0" tests="1" name="tests.UserRegistrationTestWithDDTAndCsvFile" time="15.804" errors="0" timestamp="2022-04-28T22:08:01 EET" skipped="0">
  <testcase classname="tests.UserRegistrationTestWithDDTAndCsvFile" name="UserCanRegisterSuccessfully" time="15.804"/>
  <system-out/>
</testsuite> <!-- tests.UserRegistrationTestWithDDTAndCsvFile -->
