<?xml version="1.0" encoding="UTF-8"?>
<!-- Generated by org.testng.reporters.JUnitReportReporter -->
<testsuite hostname="DESKTOP-1N5RRAI" failures="0" tests="3" name="tests.AddProductToWishlistTest" time="7.527" errors="0" timestamp="2022-04-26T13:12:24 EET" skipped="0">
  <testcase classname="tests.AddProductToWishlistTest" name="UserCanSearchWithAutoComplete" time="4.001"/>
  <system-out/>
  <testcase classname="tests.AddProductToWishlistTest" name="userGoToWishlistPage" time="2.081"/>
  <system-out/>
  <testcase classname="tests.AddProductToWishlistTest" name="userCanRemoveProductFromWishlist" time="1.445"/>
  <system-out/>
</testsuite> <!-- tests.AddProductToWishlistTest -->
