<?xml version="1.0" encoding="UTF-8"?>
<!-- Generated by org.testng.reporters.JUnitReportReporter -->
<testsuite hostname="DESKTOP-1N5RRAI" failures="0" tests="3" name="tests.UserRegistrationTestWithDDTAndDataPropertiesFile" time="6.858" errors="0" timestamp="2022-04-28T08:26:53 EET" skipped="0">
  <testcase classname="tests.UserRegistrationTestWithDDTAndDataPropertiesFile" name="RegisteredUserCanLogout" time="1.446"/>
  <system-out/>
  <testcase classname="tests.UserRegistrationTestWithDDTAndDataPropertiesFile" name="RergisteredUserCanLogin" time="2.367"/>
  <system-out/>
  <testcase classname="tests.UserRegistrationTestWithDDTAndDataPropertiesFile" name="UserCanRegisterSuccessfully" time="3.045"/>
  <system-out/>
</testsuite> <!-- tests.UserRegistrationTestWithDDTAndDataPropertiesFile -->
