<?xml version="1.0" encoding="UTF-8"?>
<!-- Generated by org.testng.reporters.JUnitReportReporter -->
<testsuite hostname="DESKTOP-1N5RRAI" failures="0" tests="1" name="tests.ProductHoverMenuTest" time="1.492" errors="0" timestamp="2022-04-27T08:13:27 EET" skipped="0">
  <testcase classname="tests.ProductHoverMenuTest" name="UserCanSelectSubCategoryFromMainMenu" time="1.492"/>
  <system-out/>
</testsuite> <!-- tests.ProductHoverMenuTest -->
