<?xml version="1.0" encoding="UTF-8"?>
<!-- Generated by org.testng.reporters.JUnitReportReporter -->
<testsuite hostname="DESKTOP-1N5RRAI" failures="0" tests="1" name="tests.ContactUsTest" time="3.754" errors="0" timestamp="2022-04-26T08:49:00 EET" skipped="0">
  <testcase classname="tests.ContactUsTest" name="UserCanUseContactUs" time="3.754"/>
  <system-out/>
</testsuite> <!-- tests.ContactUsTest -->
