<?xml version="1.0" encoding="UTF-8"?>
<!-- Generated by org.testng.reporters.JUnitReportReporter -->
<testsuite hostname="DESKTOP-1N5RRAI" failures="0" tests="3" name="tests.UserRegistrationTestWithDDTAndJavaFaker" time="7.166" errors="0" timestamp="2022-05-04T15:07:35 EET" skipped="0">
  <testcase classname="tests.UserRegistrationTestWithDDTAndJavaFaker" name="RegisteredUserCanLogout" time="1.184"/>
  <system-out/>
  <testcase classname="tests.UserRegistrationTestWithDDTAndJavaFaker" name="RergisteredUserCanLogin" time="2.676"/>
  <system-out/>
  <testcase classname="tests.UserRegistrationTestWithDDTAndJavaFaker" name="UserCanRegisterSuccessfully" time="3.306"/>
  <system-out/>
</testsuite> <!-- tests.UserRegistrationTestWithDDTAndJavaFaker -->
