<?xml version="1.0" encoding="UTF-8"?>
<!-- Generated by org.testng.reporters.JUnitReportReporter -->
<testsuite hostname="DESKTOP-1N5RRAI" failures="0" tests="5" name="tests.RegisteredUserChecoutProduct" time="20.063" errors="0" timestamp="2022-05-03T13:56:09 EET" skipped="0">
  <testcase classname="tests.RegisteredUserChecoutProduct" name="UserCanRegisterSuccessfully" time="3.337"/>
  <system-out/>
  <testcase classname="tests.RegisteredUserChecoutProduct" name="UserCanSearchWithAutoComplete" time="3.117"/>
  <system-out/>
  <testcase classname="tests.RegisteredUserChecoutProduct" name="UserCanAddProductToCart" time="1.904"/>
  <system-out/>
  <testcase classname="tests.RegisteredUserChecoutProduct" name="UserCanCheckoutProduct" time="9.206"/>
  <system-out/>
  <testcase classname="tests.RegisteredUserChecoutProduct" name="RegisteredUserCanLogout" time="2.499"/>
  <system-out/>
</testsuite> <!-- tests.RegisteredUserChecoutProduct -->
