<?xml version="1.0" encoding="UTF-8"?>
<!-- Generated by org.testng.reporters.JUnitReportReporter -->
<testsuite hostname="DESKTOP-1N5RRAI" failures="0" tests="2" name="tests.UserRegistrationWithDDTAndDataProvider" time="6.884" errors="0" timestamp="2022-04-28T02:04:49 EET" skipped="0">
  <testcase classname="tests.UserRegistrationWithDDTAndDataProvider" name="UserCanRegisterSuccessfully" time="3.565"/>
  <system-out/>
  <testcase classname="tests.UserRegistrationWithDDTAndDataProvider" name="UserCanRegisterSuccessfully" time="3.319"/>
  <system-out/>
</testsuite> <!-- tests.UserRegistrationWithDDTAndDataProvider -->
