<?xml version="1.0" encoding="UTF-8"?>
<!-- Generated by org.testng.reporters.JUnitReportReporter -->
<testsuite hostname="DESKTOP-1N5RRAI" failures="0" tests="1" name="tests.UserRegistrationWithDDTAndJsonFile" time="8.071" errors="0" timestamp="2022-04-28T22:45:44 EET" skipped="0">
  <testcase classname="tests.UserRegistrationWithDDTAndJsonFile" name="UserCanRegisterSuccessfully" time="8.071"/>
  <system-out/>
</testsuite> <!-- tests.UserRegistrationWithDDTAndJsonFile -->
