<?xml version="1.0" encoding="UTF-8"?>
<!-- Generated by org.testng.reporters.JUnitReportReporter -->
<testsuite hostname="DESKTOP-1N5RRAI" failures="0" tests="2" name="tests.ChangeCurrencyTest" time="4.480" errors="0" timestamp="2022-05-04T15:07:35 EET" skipped="0">
  <testcase classname="tests.ChangeCurrencyTest" name="UserCanChangeCurrencyOfProduct" time="1.294"/>
  <system-out/>
  <testcase classname="tests.ChangeCurrencyTest" name="UserCanSearchWithAutoComplete" time="3.186"/>
  <system-out/>
</testsuite> <!-- tests.ChangeCurrencyTest -->
