<?xml version="1.0" encoding="UTF-8"?>
<!-- Generated by org.testng.reporters.JUnitReportReporter -->
<testsuite hostname="DESKTOP-1N5RRAI" failures="0" tests="3" name="runner.TestRunner" time="27.202" errors="0" timestamp="2022-05-03T15:04:42 EET" skipped="0">
  <testcase classname="runner.TestRunner" name="runScenario" time="6.548"/>
  <system-out/>
  <testcase classname="runner.TestRunner" name="runScenario" time="16.192"/>
  <system-out/>
  <testcase classname="runner.TestRunner" name="runScenario" time="4.462"/>
  <system-out/>
</testsuite> <!-- runner.TestRunner -->
