<?xml version="1.0" encoding="UTF-8"?>
<!-- Generated by org.testng.reporters.JUnitReportReporter -->
<testsuite hostname="DESKTOP-1N5RRAI" failures="0" tests="1" name="tests.ContactUsTest" time="4.730" errors="0" timestamp="2022-05-03T11:02:05 EET" skipped="0">
  <testcase classname="tests.ContactUsTest" name="UserCanUseContactUs" time="4.730"/>
  <system-out/>
</testsuite> <!-- tests.ContactUsTest -->
