<?xml version="1.0" encoding="UTF-8"?>
<!-- Generated by org.testng.reporters.JUnitReportReporter -->
<testsuite hostname="DESKTOP-1N5RRAI" failures="0" tests="4" name="tests.ProductReviewTest" time="14.749" errors="0" timestamp="2022-04-26T10:58:51 EET" skipped="0">
  <testcase classname="tests.ProductReviewTest" name="UserCanRegisterSuccessfully" time="5.315"/>
  <system-out/>
  <testcase classname="tests.ProductReviewTest" name="UserCanSearchWithAutoComplete" time="4.010"/>
  <system-out/>
  <testcase classname="tests.ProductReviewTest" name="RegisterUserCansendProductReview" time="3.711"/>
  <system-out/>
  <testcase classname="tests.ProductReviewTest" name="RegisteredUserCanLogout" time="1.713"/>
  <system-out/>
</testsuite> <!-- tests.ProductReviewTest -->
