<?xml version="1.0" encoding="UTF-8"?>
<!-- Generated by org.testng.reporters.JUnitReportReporter -->
<testsuite hostname="DESKTOP-1N5RRAI" failures="0" tests="3" name="tests.UserRegistrationTest" time="6.518" errors="0" timestamp="2022-04-25T13:23:49 EET" skipped="0">
  <testcase classname="tests.UserRegistrationTest" name="RegisteredUserCanLogout" time="1.140"/>
  <system-out/>
  <testcase classname="tests.UserRegistrationTest" name="RergisteredUserCanLogin" time="2.313"/>
  <system-out/>
  <testcase classname="tests.UserRegistrationTest" name="UserCanRegisterSuccessfully" time="3.065"/>
  <system-out/>
</testsuite> <!-- tests.UserRegistrationTest -->
