<?xml version="1.0" encoding="UTF-8"?>
<!-- Generated by org.testng.reporters.JUnitReportReporter -->
<testsuite hostname="DESKTOP-1N5RRAI" failures="0" tests="3" name="tests.AddProductToShoppingCartTest" time="9.052" errors="0" timestamp="2022-04-26T17:57:55 EET" skipped="0">
  <testcase classname="tests.AddProductToShoppingCartTest" name="UserCanSearchWithAutoComplete" time="3.990"/>
  <system-out/>
  <testcase classname="tests.AddProductToShoppingCartTest" name="UserCanAddProductToCart" time="2.569"/>
  <system-out/>
  <testcase classname="tests.AddProductToShoppingCartTest" name="userCanRemoveProductFromShoppingCart" time="2.493"/>
  <system-out/>
</testsuite> <!-- tests.AddProductToShoppingCartTest -->
