<?xml version="1.0" encoding="UTF-8"?>
<!-- Generated by org.testng.reporters.JUnitReportReporter -->
<testsuite hostname="DESKTOP-1N5RRAI" failures="0" tests="4" name="tests.EmailFriendTest" time="14.215" errors="0" timestamp="2022-04-26T09:48:54 EET" skipped="0">
  <testcase classname="tests.EmailFriendTest" name="UserCanRegisterSuccessfully" time="4.749"/>
  <system-out/>
  <testcase classname="tests.EmailFriendTest" name="UserCanSearchWithAutoComplete" time="4.030"/>
  <system-out/>
  <testcase classname="tests.EmailFriendTest" name="RegisterUserCansendProductEmailToFriend" time="3.658"/>
  <system-out/>
  <testcase classname="tests.EmailFriendTest" name="RegisteredUserCanLogout" time="1.778"/>
  <system-out/>
</testsuite> <!-- tests.EmailFriendTest -->
