<?xml version="1.0" encoding="UTF-8"?>
<!-- Generated by org.testng.reporters.JUnitReportReporter -->
<testsuite hostname="DESKTOP-1N5RRAI" failures="0" tests="1" name="tests.SearchProductTest" time="2.368" errors="0" timestamp="2022-04-27T08:01:16 EET" skipped="0">
  <testcase classname="tests.SearchProductTest" name="UserCanSearchForProducts" time="2.368"/>
  <system-out/>
</testsuite> <!-- tests.SearchProductTest -->
