<?xml version="1.0" encoding="UTF-8"?>
<!-- Generated by org.testng.reporters.JUnitReportReporter -->
<testsuite hostname="DESKTOP-1N5RRAI" failures="0" tests="3" name="tests.UserRegistrationTestWithDDTAndJavaFaker" time="8.716" errors="0" timestamp="2022-05-04T19:16:08 EET" skipped="0">
  <testcase classname="tests.UserRegistrationTestWithDDTAndJavaFaker" name="RegisteredUserCanLogout" time="1.242"/>
  <system-out/>
  <testcase classname="tests.UserRegistrationTestWithDDTAndJavaFaker" name="RergisteredUserCanLogin" time="2.855"/>
  <system-out/>
  <testcase classname="tests.UserRegistrationTestWithDDTAndJavaFaker" name="UserCanRegisterSuccessfully" time="4.619"/>
  <system-out/>
</testsuite> <!-- tests.UserRegistrationTestWithDDTAndJavaFaker -->
