<?xml version="1.0" encoding="UTF-8"?>
<!-- Generated by org.testng.reporters.JUnitReportReporter -->
<testsuite hostname="DESKTOP-1N5RRAI" failures="0" tests="1" name="tests.SearchProductTest" time="3.834" errors="0" timestamp="2022-05-04T19:16:08 EET" skipped="0">
  <testcase classname="tests.SearchProductTest" name="UserCanSearchForProducts" time="3.834"/>
  <system-out/>
</testsuite> <!-- tests.SearchProductTest -->
