<?xml version="1.0" encoding="UTF-8"?>
<!-- Generated by org.testng.reporters.JUnitReportReporter -->
<testsuite hostname="DESKTOP-1N5RRAI" failures="0" tests="3" name="tests.AddProductToShoppingCartTest" time="5.833" errors="0" timestamp="2022-04-27T08:01:16 EET" skipped="0">
  <testcase classname="tests.AddProductToShoppingCartTest" name="UserCanSearchWithAutoComplete" time="2.237"/>
  <system-out/>
  <testcase classname="tests.AddProductToShoppingCartTest" name="UserCanAddProductToCart" time="1.666"/>
  <system-out/>
  <testcase classname="tests.AddProductToShoppingCartTest" name="userCanRemoveProductFromShoppingCart" time="1.930"/>
  <system-out/>
</testsuite> <!-- tests.AddProductToShoppingCartTest -->
