<?xml version="1.0" encoding="UTF-8"?>
<!-- Generated by org.testng.reporters.JUnitReportReporter -->
<testsuite hostname="DESKTOP-1N5RRAI" failures="0" tests="1" name="tests.ProductHoverMenuTest" time="2.382" errors="0" timestamp="2022-05-04T17:42:15 EET" skipped="0">
  <testcase classname="tests.ProductHoverMenuTest" name="UserCanSelectSubCategoryFromMainMenu" time="2.382"/>
  <system-out/>
</testsuite> <!-- tests.ProductHoverMenuTest -->
