<?xml version="1.0" encoding="UTF-8"?>
<!-- Generated by org.testng.reporters.JUnitReportReporter -->
<testsuite hostname="DESKTOP-1N5RRAI" failures="0" tests="3" name="tests.UserRegistrationTest" time="6.173" errors="0" timestamp="2022-04-27T08:01:16 EET" skipped="0">
  <testcase classname="tests.UserRegistrationTest" name="RegisteredUserCanLogout" time="1.213"/>
  <system-out/>
  <testcase classname="tests.UserRegistrationTest" name="RergisteredUserCanLogin" time="2.301"/>
  <system-out/>
  <testcase classname="tests.UserRegistrationTest" name="UserCanRegisterSuccessfully" time="2.659"/>
  <system-out/>
</testsuite> <!-- tests.UserRegistrationTest -->
