<?xml version="1.0" encoding="UTF-8"?>
<!-- Generated by org.testng.reporters.JUnitReportReporter -->
<testsuite hostname="DESKTOP-1N5RRAI" failures="0" tests="4" name="tests.EmailFriendTest" time="11.707" errors="0" timestamp="2022-04-27T08:01:16 EET" skipped="0">
  <testcase classname="tests.EmailFriendTest" name="UserCanRegisterSuccessfully" time="3.020"/>
  <system-out/>
  <testcase classname="tests.EmailFriendTest" name="UserCanSearchWithAutoComplete" time="3.167"/>
  <system-out/>
  <testcase classname="tests.EmailFriendTest" name="RegisterUserCansendProductEmailToFriend" time="4.332"/>
  <system-out/>
  <testcase classname="tests.EmailFriendTest" name="RegisteredUserCanLogout" time="1.188"/>
  <system-out/>
</testsuite> <!-- tests.EmailFriendTest -->
