<?xml version="1.0" encoding="UTF-8"?>
<!-- Generated by org.testng.reporters.JUnitReportReporter -->
<testsuite hostname="DESKTOP-1N5RRAI" failures="0" tests="3" name="tests.AddProductToWishlistTest" time="4.931" errors="0" timestamp="2022-04-27T08:01:16 EET" skipped="0">
  <testcase classname="tests.AddProductToWishlistTest" name="UserCanSearchWithAutoComplete" time="2.322"/>
  <system-out/>
  <testcase classname="tests.AddProductToWishlistTest" name="userGoToWishlistPage" time="1.548"/>
  <system-out/>
  <testcase classname="tests.AddProductToWishlistTest" name="userCanRemoveProductFromWishlist" time="1.061"/>
  <system-out/>
</testsuite> <!-- tests.AddProductToWishlistTest -->
