<?xml version="1.0" encoding="UTF-8"?>
<!-- Generated by org.testng.reporters.JUnitReportReporter -->
<testsuite hostname="DESKTOP-1N5RRAI" failures="0" tests="3" name="tests.UserRegistrationTestWithDDTAndJavaFaker" time="7.375" errors="0" timestamp="2022-05-04T17:42:15 EET" skipped="0">
  <testcase classname="tests.UserRegistrationTestWithDDTAndJavaFaker" name="RegisteredUserCanLogout" time="1.304"/>
  <system-out/>
  <testcase classname="tests.UserRegistrationTestWithDDTAndJavaFaker" name="RergisteredUserCanLogin" time="2.653"/>
  <system-out/>
  <testcase classname="tests.UserRegistrationTestWithDDTAndJavaFaker" name="UserCanRegisterSuccessfully" time="3.418"/>
  <system-out/>
</testsuite> <!-- tests.UserRegistrationTestWithDDTAndJavaFaker -->
